1549414255843	16f32551eab344c3b69d5273cd32b023	98437	92814
1549404295843	08930f3f2ad34b6ab34b62b07ec9456b	81625	28200
1549408195843	d5c999997ce54081b6b346cd9ad37b6c	81006	84054
1549419955843	2b63f72523b3455cb1bc2dbb817ae527	92187	39713
1549418155843	b48be24e362a4f98a8dd4b3ff9cc9117	22643	88532
1549397515843	16f32551eab344c3b69d5273cd32b023	85699	47792
1549414495843	593955c9a9ba4851acbdec03abd66d84	17047	70573
1549390495843	d014f9c8e60c4fe28682b364b96bfa4d	83644	18221
1549387735844	f346b4a62844441ea99f0199877dfe07	79776	57694
1549402195844	0effdfb16c11489f813b689fb3518e73	59510	34445
1549423675844	cbc1620b22374471a8d409251c104e87	66517	99297
1549418095844	c33bbedb80bc4251a03bd910c577c18f	1696	19387
1549404055844	6d868f3a8a224d6e80251cc56bccf23b	69601	93320
1549399075844	b5594ca75dfb42faa42f6cace15bb7f3	67566	37344
1549396255844	8bfddb3a95f34513b8908575c3a28f1f	76813	55934
1549402855844	2ea64b73058947c998a0e2ee0efd301b	52628	38108
1549405135844	8495806050b647ab9d1c45f93a4bb56e	28521	46987
1549400575844	3278e6e8dde241759352eddfa79ddf0a	59944	61132
1549395115844	ae9c895f11524996acc9002700492477	50243	5902
1549417195844	f9bb6e898f714e5f8130393434341419	93507	1732
1549418875846	490fa6241fda4afc8ba58cc1cccdd33d	76365	62690
1549409575846	d53e3f5ebbdd4fcf909c2fdc06fd127a	60224	39092
1549402555846	19a4050f8da449d09b212862c944220d	50555	50171
1549415935846	f1116555f8764a93bd1d459db4061ff5	36315	56517
1549420195846	b7692356920b4b1389c66d8f9b33ffe7	84642	40200
1549392955846	75f9d57af88846cea1e3ef2ed69f8597	75635	97819
1549407835846	52fa5854b85a4ad39b8292b99d46fc35	72698	64208
1549406275847	e0f76b7b0bec4fd594d28571be645edc	12169	1682
1549416295847	b401a1a1fb1e42669c9b1aedf30f7480	61852	43575
1549400995847	73a9fbac5390425aba131f9f6d9b6fc0	8446	83074
1549392355847	3817adbbdf884d648935a75b84dc3638	3077	17976
1549414195847	08c281503c50452892cff07a73d87958	39064	37500
1549405195847	ad9331d7e7b7440aa8405cbbf31af835	24241	26281
1549397275847	da72f6031cfa46f4a4a7cb22d58e98dc	9117	6924
1549416895847	ae9c895f11524996acc9002700492477	10623	31388
1549391035850	b7692356920b4b1389c66d8f9b33ffe7	5589	92503
1549408555850	490fa6241fda4afc8ba58cc1cccdd33d	58579	71898
1549399975850	6b2949c96d984627bc4d011a8340adb4	4652	22012
1549389895851	bf3a7a3662ce4dd7b620230b4f987b11	6959	90535
1549406455851	e624ef88b3f743f9a0511b8e19a5fc4d	39501	89013
1549399855851	bf3a7a3662ce4dd7b620230b4f987b11	34360	91363
1549421095851	3278e6e8dde241759352eddfa79ddf0a	86375	65140
1549393795851	14e9d8c459aa4f77a8a6f0b04f307679	59671	71845
1549411975851	88281037323840b0925b8cb253d88252	48140	35656
1549397875851	5d6f239ae9cd4797b9121fe10416f70b	68533	89887
1549391875851	ad9331d7e7b7440aa8405cbbf31af835	34285	77591
1549403095851	d5c999997ce54081b6b346cd9ad37b6c	84093	41311
1549395955852	df07931b31214f3eb1eb24d27e9f9b5d	23166	84387
1549396675852	ad9331d7e7b7440aa8405cbbf31af835	19965	42921
1549422715852	ae9c895f11524996acc9002700492477	34840	24551
1549396255852	45187a089d07416e896bc1c48738dabd	6724	30367
1549410235852	1c7a8e66d4c2492c8a841f1faa5838c9	5713	23993
1549406935852	efb7b4e35a2544d599493bf132ff516f	9541	19771
1549401355852	6d868f3a8a224d6e80251cc56bccf23b	76581	42759
1549418815852	52fa5854b85a4ad39b8292b99d46fc35	89523	17489
1549388095852	a2e259b532af4af48ede6f73174ed9e8	95312	84412
1549388755852	d176f9913d8548d0bee8139e16d1c91c	55970	95824
1549391995852	e624ef88b3f743f9a0511b8e19a5fc4d	42385	31513
1549421275852	be4c03a08a184249bb4ffb753210d444	26124	93503
1549388035852	ce092c65136f4f298c1ca0437ee2a732	60649	90814
1549414015853	ecf32929abbe4326a8c8db5a24187da0	73833	57698
1549393195853	e0f76b7b0bec4fd594d28571be645edc	20793	27168
1549407955853	6d868f3a8a224d6e80251cc56bccf23b	77525	77747
1549404715854	ad9331d7e7b7440aa8405cbbf31af835	6247	32658
1549396855855	f9bb6e898f714e5f8130393434341419	6029	80331
1549399135855	45187a089d07416e896bc1c48738dabd	82585	96062
1549415755855	16f32551eab344c3b69d5273cd32b023	32817	3000
1549396915855	df87d85023214f56a74ba72b7fda7871	60375	1451
1549407775856	cbc1620b22374471a8d409251c104e87	7907	22150
1549415155856	a2e259b532af4af48ede6f73174ed9e8	70509	29718
1549403875857	9adf76dfb514428ba6569a627a2d1e3b	89863	85689
1549388575857	df07931b31214f3eb1eb24d27e9f9b5d	4006	14938
1549402135857	be4c03a08a184249bb4ffb753210d444	66241	93742
1549421875857	92849f69b70f4539aaa0b386a23cf5b1	19089	71914
1549402975857	45fc562513254a608775845808c315ea	44953	35455
1549399315857	52e493efd5ce4cb49d6724bca2044e0a	24032	43411
1549389955857	b48be24e362a4f98a8dd4b3ff9cc9117	24729	53405
1549410775857	b55f20c7db324b54bf0cf87d1239c6c5	48964	1405
1549389535857	f9bb6e898f714e5f8130393434341419	30061	44182
1549405075857	2b63f72523b3455cb1bc2dbb817ae527	19697	77544
1549395655857	b5594ca75dfb42faa42f6cace15bb7f3	95745	92238
1549419175857	3278e6e8dde241759352eddfa79ddf0a	43552	19697
1549398595857	29fc0e4cc25a4b10b9dadabc6cafe536	99623	70503
1549415515857	395cd97d053544d680ee77d3121a60a2	58343	48108
1549416355857	b48be24e362a4f98a8dd4b3ff9cc9117	2638	89499
1549390435862	5d6f239ae9cd4797b9121fe10416f70b	74210	51625
1549393075863	6d868f3a8a224d6e80251cc56bccf23b	23371	83486
1549398835863	158960e8c443450dacf2b879d6ff88d4	45582	76913
1549405495863	f9bb6e898f714e5f8130393434341419	88595	91774
1549408495863	19a4050f8da449d09b212862c944220d	92680	95239
1549393135863	ad9331d7e7b7440aa8405cbbf31af835	81822	57925
1549391515863	62c0f78c823244c38b00fc7ff9b27fb4	17009	29385
1549404295863	e2cb2ae68dc24831bdb17cf9b05780db	49286	38515
1549404295863	e2cb2ae68dc24831bdb17cf9b05780db	33388	83149
1549398355863	6d868f3a8a224d6e80251cc56bccf23b	97349	90278
1549397455863	5d6f239ae9cd4797b9121fe10416f70b	27582	69831
1549404115864	8bfddb3a95f34513b8908575c3a28f1f	96026	9171
1549388275864	c7a603cc8aa246b48ec239963ed406c7	98829	41215
1549404235864	d5c999997ce54081b6b346cd9ad37b6c	21028	87755
1549413595864	39dc3709c91b4fb6ad9a3d8836e4538d	80034	35389
1549410115864	ae9c895f11524996acc9002700492477	35940	45625
1549398295865	eb344d818e014da3b56d8d3c6bb44dab	14278	79359
1549394575865	b51076bcf9804b84a8f4c088362a7619	66367	8705
1549390075865	19a4050f8da449d09b212862c944220d	1479	18718
1549395955865	c852654b3d7f4861b9647152d9c635a9	77434	79552
1549403215865	6b2949c96d984627bc4d011a8340adb4	52436	1967
1549393675865	88281037323840b0925b8cb253d88252	68283	14032
1549391635865	b51076bcf9804b84a8f4c088362a7619	63997	51837
1549395175866	bf3a7a3662ce4dd7b620230b4f987b11	80462	58338
1549421275867	efb7b4e35a2544d599493bf132ff516f	50419	42161
1549397335867	62c0f78c823244c38b00fc7ff9b27fb4	83901	98691
1549409155867	73a9fbac5390425aba131f9f6d9b6fc0	80013	4748
1549423615867	b5594ca75dfb42faa42f6cace15bb7f3	65270	63034
1549402375867	eb344d818e014da3b56d8d3c6bb44dab	16225	7081
1549398175867	f16cfd4c891b4628a82d808a50b241fe	57257	8581
1549419535867	f54f41dc5fff4f0aa53dd32543b86d7f	35910	84030
1549418815867	45bca1af19834a699c0fa29271c61f66	67943	66369
1549413775867	52e493efd5ce4cb49d6724bca2044e0a	5272	49465
1549401115867	1c7a8e66d4c2492c8a841f1faa5838c9	84292	64385
1549420855867	75f9d57af88846cea1e3ef2ed69f8597	78003	21444
1549400875867	6189802136ca433fb1431f4856806014	93236	80595
1549389715868	17fcd0031eb04bc38fd0caa98b7a75ec	16663	30979
1549387795868	e2cb2ae68dc24831bdb17cf9b05780db	29457	8704
1549410175868	b4cd228c808646f0bf156c04501fbccc	7074	41202
1549404895868	12552b812b694938a59d2cc9220412a1	18131	8907
1549403575868	19a4050f8da449d09b212862c944220d	6424	43209
1549394215870	395cd97d053544d680ee77d3121a60a2	23094	92686
1549396075870	6c48008175694ba08a4b71894f29b80b	8510	94362
1549399495871	d53e3f5ebbdd4fcf909c2fdc06fd127a	7575	68130
1549397215872	f346b4a62844441ea99f0199877dfe07	3546	35727
1549420315872	f16cfd4c891b4628a82d808a50b241fe	27063	89237
1549417015872	66366d3e1fae4bfa9232bbfc81b7b3a0	12277	34222
1549415035872	3817adbbdf884d648935a75b84dc3638	41462	56499
1549401415872	08c281503c50452892cff07a73d87958	84248	20598
1549402735872	b4cd228c808646f0bf156c04501fbccc	27032	9087
1549391755872	a2e259b532af4af48ede6f73174ed9e8	67954	32193
1549394815872	ecf32929abbe4326a8c8db5a24187da0	85059	28856
1549393435872	c7a603cc8aa246b48ec239963ed406c7	54127	91746
1549417255872	52fa5854b85a4ad39b8292b99d46fc35	31678	30391
1549423555872	be4c03a08a184249bb4ffb753210d444	38178	88198
1549397815872	395cd97d053544d680ee77d3121a60a2	76468	74797
1549410355872	f7ee3932116642c5880ba1dd802e6853	9660	59668
1549408675872	62c0f78c823244c38b00fc7ff9b27fb4	40654	12775
1549420135872	9adf76dfb514428ba6569a627a2d1e3b	72145	49231
1549414375872	f16cfd4c891b4628a82d808a50b241fe	90684	54859
1549407415872	6d868f3a8a224d6e80251cc56bccf23b	96314	79856
1549418215872	6b2949c96d984627bc4d011a8340adb4	7180	62810
1549408915872	52e493efd5ce4cb49d6724bca2044e0a	2445	55854
1549413775872	ad9331d7e7b7440aa8405cbbf31af835	13905	64814
1549423015872	17fcd0031eb04bc38fd0caa98b7a75ec	87270	11575
1549402675872	f7ee3932116642c5880ba1dd802e6853	47997	78107
1549396495872	b695707804da4c4b84b33b3549242284	34114	23030
1549390735872	45bca1af19834a699c0fa29271c61f66	40166	77807
1549406215873	c2875d6787f84ada9e68b7db0e912a28	58174	3917
1549401835873	14e9d8c459aa4f77a8a6f0b04f307679	84708	35443
1549392955873	c2875d6787f84ada9e68b7db0e912a28	98427	94874
1549408015873	be4c03a08a184249bb4ffb753210d444	36849	35977
1549416055873	19a4050f8da449d09b212862c944220d	96701	76275
1549418575873	cbc1620b22374471a8d409251c104e87	76487	33454
1549406455873	e047666ae3b1422e96c3dc45a1525d8d	9191	58027
1549396135873	e2cb2ae68dc24831bdb17cf9b05780db	49317	74327
1549394935873	d87f376b220242c19ed1aeb06b5d1540	20160	55885
1549402975873	42986744eb4e4eb3902e475dd6e5f697	20938	84533
1549398055873	9adf76dfb514428ba6569a627a2d1e3b	25168	44125
1549394275873	52e493efd5ce4cb49d6724bca2044e0a	63864	19219
1549418575873	395cd97d053544d680ee77d3121a60a2	74819	97756
1549419715873	490fa6241fda4afc8ba58cc1cccdd33d	8562	42900
1549397515873	75f9d57af88846cea1e3ef2ed69f8597	12708	47874
1549390975873	d87f376b220242c19ed1aeb06b5d1540	91997	33271
1549406875873	f7ee3932116642c5880ba1dd802e6853	77283	36739
1549416055873	08c281503c50452892cff07a73d87958	14850	19765
1549415815873	d176f9913d8548d0bee8139e16d1c91c	32015	33037
1549412575873	8495806050b647ab9d1c45f93a4bb56e	6250	14751
1549397695873	5c94383e89a340eb8aa6ef07a0633b7a	44252	75366
1549407715873	b5594ca75dfb42faa42f6cace15bb7f3	8224	63426
1549412155873	068d9b6efe0444bf8a031ea85b96fdb1	8734	27375
1549415395873	08c281503c50452892cff07a73d87958	59410	75748
1549394875873	f1116555f8764a93bd1d459db4061ff5	20364	64421
1549400995874	b695707804da4c4b84b33b3549242284	63184	80709
1549396075874	b7692356920b4b1389c66d8f9b33ffe7	32221	20668
1549416595874	cbc1620b22374471a8d409251c104e87	32139	81761
1549411735874	fe7172c4931246feb089c30d0b93a498	99181	9156
1549398175874	014da98e7e4e46e7916ceb69dcd8e73f	71670	72235
1549416535874	3817adbbdf884d648935a75b84dc3638	53177	8678
1549411015874	1c7a8e66d4c2492c8a841f1faa5838c9	78920	89873
1549410895874	d176f9913d8548d0bee8139e16d1c91c	29118	23174
1549398355874	1c7a8e66d4c2492c8a841f1faa5838c9	92632	45020
1549397575874	c2875d6787f84ada9e68b7db0e912a28	80189	4416
1549423435874	73a9fbac5390425aba131f9f6d9b6fc0	75487	8078
1549410475886	158960e8c443450dacf2b879d6ff88d4	71994	97804
1549394215886	d5c999997ce54081b6b346cd9ad37b6c	78393	69571
1549387795886	c2875d6787f84ada9e68b7db0e912a28	22392	21531
1549422715886	014da98e7e4e46e7916ceb69dcd8e73f	66915	50994
1549402915886	08930f3f2ad34b6ab34b62b07ec9456b	47838	79769
1549406455886	fe7172c4931246feb089c30d0b93a498	12478	19500
1549390915886	2fe8a07bb865489c9330653528c2eb44	35956	38283
1549412635886	aecb1aff10d64103ba8f98e8cddb9565	19210	76473
1549421155886	e2cb2ae68dc24831bdb17cf9b05780db	73574	1360
1549387975886	ce092c65136f4f298c1ca0437ee2a732	48108	84383
1549394395886	08930f3f2ad34b6ab34b62b07ec9456b	65343	56034
1549389775886	6c48008175694ba08a4b71894f29b80b	8488	54748
1549416715886	8495806050b647ab9d1c45f93a4bb56e	23855	26676
1549412635886	29fc0e4cc25a4b10b9dadabc6cafe536	13158	53993
1549406395886	39dc3709c91b4fb6ad9a3d8836e4538d	42374	22674
1549401175886	158960e8c443450dacf2b879d6ff88d4	21328	25399
1549393435886	66366d3e1fae4bfa9232bbfc81b7b3a0	79861	56582
1549389715886	45fc562513254a608775845808c315ea	12626	39123
1549420735886	0d64d956ad9447268cb10d10f16587f0	92211	74863
1549423315886	f16cfd4c891b4628a82d808a50b241fe	87513	37475
1549414675886	8495806050b647ab9d1c45f93a4bb56e	97782	59401
1549401235886	068d9b6efe0444bf8a031ea85b96fdb1	81492	1671
1549406995886	f16cfd4c891b4628a82d808a50b241fe	73173	21993
1549405735886	7bf7ece9c65b4f8cbe0382105ce5f973	35382	88123
1549412215887	c33bbedb80bc4251a03bd910c577c18f	44877	44512
1549414555887	b7692356920b4b1389c66d8f9b33ffe7	64625	17393
1549398355887	0d64d956ad9447268cb10d10f16587f0	17368	11637
1549404115887	2b63f72523b3455cb1bc2dbb817ae527	43547	42169
1549421515887	19a4050f8da449d09b212862c944220d	87350	27949
1549394095887	f16cfd4c891b4628a82d808a50b241fe	49260	20379
1549400035887	f1116555f8764a93bd1d459db4061ff5	93736	49989
1549415035887	d014f9c8e60c4fe28682b364b96bfa4d	39262	46425
1549403695887	c2875d6787f84ada9e68b7db0e912a28	7183	37683
1549408495887	ecf32929abbe4326a8c8db5a24187da0	3115	25327
1549392835887	a2e259b532af4af48ede6f73174ed9e8	71505	24298
1549396675887	f7ee3932116642c5880ba1dd802e6853	44530	55445
1549392355887	0effdfb16c11489f813b689fb3518e73	72084	58932
1549402015887	52fa5854b85a4ad39b8292b99d46fc35	38322	87673
1549394455887	3278e6e8dde241759352eddfa79ddf0a	25441	1143
1549391275887	7bf7ece9c65b4f8cbe0382105ce5f973	72781	44454
1549408015887	f16cfd4c891b4628a82d808a50b241fe	73761	86995
1549417435887	da72f6031cfa46f4a4a7cb22d58e98dc	70278	37569
1549414495887	73a9fbac5390425aba131f9f6d9b6fc0	39203	96256
1549394995888	b9012713d0eb4cbdb796bdbbdb921117	6435	55432
1549401775888	7bf7ece9c65b4f8cbe0382105ce5f973	24404	49906
1549406095888	79a3f02f58054f17be9bd8845bbe8269	40971	55027
1549411135888	c2875d6787f84ada9e68b7db0e912a28	73668	2646
1549407775888	068d9b6efe0444bf8a031ea85b96fdb1	52839	33493
1549390375888	f16cfd4c891b4628a82d808a50b241fe	97319	71860
1549409815888	92849f69b70f4539aaa0b386a23cf5b1	35941	86042
1549391035888	651bba01f7774573b8c42dfccdca3689	61873	30924
1549396975888	d014f9c8e60c4fe28682b364b96bfa4d	75888	99880
1549398715888	45bca1af19834a699c0fa29271c61f66	74265	18011
1549421395888	6c48008175694ba08a4b71894f29b80b	64121	83040
1549422415888	3324881b39eb41f1bbb39058da8c5a30	92086	41333
1549395115888	d5c999997ce54081b6b346cd9ad37b6c	13681	42299
1549404295888	c33bbedb80bc4251a03bd910c577c18f	14660	53546
1549418635888	6189802136ca433fb1431f4856806014	77195	2510
1549406335888	efa1cbe6caf342f9b708a560e5492e85	15200	92131
1549388335888	593955c9a9ba4851acbdec03abd66d84	57854	39656
1549402615888	7bf7ece9c65b4f8cbe0382105ce5f973	34695	71779
1549394395888	6b2949c96d984627bc4d011a8340adb4	39553	99441
1549413715888	5722014982da443ea927ed0bdbaf326f	10587	13096
1549419775888	42986744eb4e4eb3902e475dd6e5f697	90157	98475
1549390915889	f1116555f8764a93bd1d459db4061ff5	96733	60969
1549396075889	c33bbedb80bc4251a03bd910c577c18f	83646	87570
1549413955905	52fa5854b85a4ad39b8292b99d46fc35	6675	3319
1549393915910	08c281503c50452892cff07a73d87958	79250	72445
1549409395910	df07931b31214f3eb1eb24d27e9f9b5d	30051	766
1549396375910	16f32551eab344c3b69d5273cd32b023	83527	89052
1549392475910	490fa6241fda4afc8ba58cc1cccdd33d	50454	32802
1549415335910	52e493efd5ce4cb49d6724bca2044e0a	77025	38937
1549402375911	e047666ae3b1422e96c3dc45a1525d8d	37718	46980
1549423555911	be4c03a08a184249bb4ffb753210d444	59681	62361
1549393495911	c33bbedb80bc4251a03bd910c577c18f	43855	61821
1549409575911	758fb35782dc400381ea640c3638c82e	91950	56442
1549414915911	e047666ae3b1422e96c3dc45a1525d8d	50577	94015
1549408375911	df07931b31214f3eb1eb24d27e9f9b5d	55152	88309
1549390135911	fe7172c4931246feb089c30d0b93a498	84939	28313
1549391995911	f16cfd4c891b4628a82d808a50b241fe	65839	6010
1549414855911	345bf4c6ac7d452eac113056be4a6ee4	45105	91569
1549403755911	651bba01f7774573b8c42dfccdca3689	5208	17784
1549417795911	1c7a8e66d4c2492c8a841f1faa5838c9	22711	26377
1549401475911	e624ef88b3f743f9a0511b8e19a5fc4d	46328	80596
1549394035911	12552b812b694938a59d2cc9220412a1	9684	54332
1549388455911	d014f9c8e60c4fe28682b364b96bfa4d	64126	79022
1549392955911	ecf32929abbe4326a8c8db5a24187da0	21663	17023
1549404835911	a2e259b532af4af48ede6f73174ed9e8	86812	83554
1549389835911	08930f3f2ad34b6ab34b62b07ec9456b	66933	75554
1549410955911	df87d85023214f56a74ba72b7fda7871	87751	79138
1549410655911	8bfddb3a95f34513b8908575c3a28f1f	72240	37967
1549418395911	92849f69b70f4539aaa0b386a23cf5b1	89714	27550
1549411795911	42986744eb4e4eb3902e475dd6e5f697	78481	26919
1549414555911	ecf32929abbe4326a8c8db5a24187da0	26294	19422
1549411315911	45bca1af19834a699c0fa29271c61f66	46774	62730
1549400275911	66366d3e1fae4bfa9232bbfc81b7b3a0	17581	65891
1549392715911	2b63f72523b3455cb1bc2dbb817ae527	50820	19437
1549400215911	6189802136ca433fb1431f4856806014	82321	82731
1549415095911	c852654b3d7f4861b9647152d9c635a9	33630	95650
1549415815911	63db2fa9ae2e44608f5756b6bd0d3b60	98914	76780
1549391095911	2b63f72523b3455cb1bc2dbb817ae527	72075	74774
1549389955911	df87d85023214f56a74ba72b7fda7871	70461	9014
1549404175911	cbc1620b22374471a8d409251c104e87	56339	65964
1549418395911	8495806050b647ab9d1c45f93a4bb56e	25860	3251
1549413655911	e624ef88b3f743f9a0511b8e19a5fc4d	60290	43684
1549388575911	8bfddb3a95f34513b8908575c3a28f1f	98876	53448
1549418815911	345bf4c6ac7d452eac113056be4a6ee4	81220	33016
1549397455911	efa1cbe6caf342f9b708a560e5492e85	57770	84083
1549392715911	e047666ae3b1422e96c3dc45a1525d8d	78534	15611
1549411375911	7bf7ece9c65b4f8cbe0382105ce5f973	58421	7084
1549417795911	d87f376b220242c19ed1aeb06b5d1540	2331	3834
1549397095911	d87f376b220242c19ed1aeb06b5d1540	29959	61766
1549402615911	16f32551eab344c3b69d5273cd32b023	53716	41340
1549389295911	158960e8c443450dacf2b879d6ff88d4	61195	43340
1549395775911	45bca1af19834a699c0fa29271c61f66	76134	35172
1549393255911	cbc1620b22374471a8d409251c104e87	81360	33958
1549411135911	52e493efd5ce4cb49d6724bca2044e0a	10696	25675
1549400395911	bf3a7a3662ce4dd7b620230b4f987b11	39908	50420
1549408795911	efb7b4e35a2544d599493bf132ff516f	40305	32264
1549404715912	eb344d818e014da3b56d8d3c6bb44dab	11417	25391
1549391395912	8495806050b647ab9d1c45f93a4bb56e	89726	72073
1549402495912	52fa5854b85a4ad39b8292b99d46fc35	75234	87532
1549397935912	df87d85023214f56a74ba72b7fda7871	45353	36217
1549394875912	3324881b39eb41f1bbb39058da8c5a30	21718	19290
1549388515912	ecf32929abbe4326a8c8db5a24187da0	13202	35898
1549399915912	45187a089d07416e896bc1c48738dabd	69804	10208
1549403815912	45e62c8feade425d868dedf9b1861161	8026	57866
1549414135912	395cd97d053544d680ee77d3121a60a2	10909	83458
1549402855914	eb344d818e014da3b56d8d3c6bb44dab	93347	21375
1549396855914	ce092c65136f4f298c1ca0437ee2a732	79717	88443
1549406335914	62c0f78c823244c38b00fc7ff9b27fb4	77105	8204
1549389955914	fe7172c4931246feb089c30d0b93a498	87490	75682
1549392715914	6b2949c96d984627bc4d011a8340adb4	25099	78588
1549419775914	79a3f02f58054f17be9bd8845bbe8269	78515	11687
1549404535914	e0f76b7b0bec4fd594d28571be645edc	40377	37620
1549405915914	c7a603cc8aa246b48ec239963ed406c7	92633	70836
1549410835914	2fe8a07bb865489c9330653528c2eb44	30375	30258
1549401835914	395cd97d053544d680ee77d3121a60a2	22680	974
1549410295914	593955c9a9ba4851acbdec03abd66d84	92641	48818
1549422055914	52e493efd5ce4cb49d6724bca2044e0a	90391	12274
1549401475915	8bfddb3a95f34513b8908575c3a28f1f	52373	61061
1549409815915	39dc3709c91b4fb6ad9a3d8836e4538d	37307	45786
1549412095915	f54f41dc5fff4f0aa53dd32543b86d7f	15219	48185
1549416295915	158960e8c443450dacf2b879d6ff88d4	91952	48440
1549402075915	66366d3e1fae4bfa9232bbfc81b7b3a0	13551	20918
1549421995915	12552b812b694938a59d2cc9220412a1	127	95063
1549418575915	df07931b31214f3eb1eb24d27e9f9b5d	16093	76893
1549397755915	651bba01f7774573b8c42dfccdca3689	94904	44383
1549415515915	c852654b3d7f4861b9647152d9c635a9	41332	55209
1549421155915	63db2fa9ae2e44608f5756b6bd0d3b60	60458	43535
1549416715915	14e9d8c459aa4f77a8a6f0b04f307679	68236	15727
1549405255915	d87f376b220242c19ed1aeb06b5d1540	33413	1762
1549395115915	3324881b39eb41f1bbb39058da8c5a30	47775	13023
1549388035915	52e493efd5ce4cb49d6724bca2044e0a	6175	2861
1549411795915	92849f69b70f4539aaa0b386a23cf5b1	71658	73826
1549409935915	f346b4a62844441ea99f0199877dfe07	91019	73564
1549414855915	73a9fbac5390425aba131f9f6d9b6fc0	31117	48603
1549406095915	42986744eb4e4eb3902e475dd6e5f697	84130	73274
1549404715915	158960e8c443450dacf2b879d6ff88d4	71430	33608
1549392115915	5d6f239ae9cd4797b9121fe10416f70b	46494	10567
1549403155915	39dc3709c91b4fb6ad9a3d8836e4538d	72538	50433
1549397095915	be4c03a08a184249bb4ffb753210d444	28954	10561
1549418995915	c33bbedb80bc4251a03bd910c577c18f	27916	36597
1549407475915	ae9c895f11524996acc9002700492477	19251	71390
1549388755915	6d868f3a8a224d6e80251cc56bccf23b	23395	93297
1549394575915	45fc562513254a608775845808c315ea	297	2510
1549419955915	8bfddb3a95f34513b8908575c3a28f1f	82504	56954
1549422835915	efa1cbe6caf342f9b708a560e5492e85	51710	24027
1549404835915	12552b812b694938a59d2cc9220412a1	28933	2191
1549410535915	19a4050f8da449d09b212862c944220d	5173	83913
1549395715915	b55f20c7db324b54bf0cf87d1239c6c5	87718	58442
1549415635915	f9bb6e898f714e5f8130393434341419	57076	8760
1549398415915	6b2949c96d984627bc4d011a8340adb4	29307	83453
1549391635915	014da98e7e4e46e7916ceb69dcd8e73f	51042	49887
1549418635915	75f9d57af88846cea1e3ef2ed69f8597	6932	66839
1549389655915	45bca1af19834a699c0fa29271c61f66	29993	54193
1549393135915	068d9b6efe0444bf8a031ea85b96fdb1	5635	57599
1549401235915	0d64d956ad9447268cb10d10f16587f0	91508	22041
1549402255915	5722014982da443ea927ed0bdbaf326f	57917	19253
1549401955915	14e9d8c459aa4f77a8a6f0b04f307679	70225	37983
1549406635915	651bba01f7774573b8c42dfccdca3689	53721	81621
1549419115915	6b2949c96d984627bc4d011a8340adb4	43312	99906
1549414735915	66366d3e1fae4bfa9232bbfc81b7b3a0	63630	94997
1549416055915	29fc0e4cc25a4b10b9dadabc6cafe536	44194	25853
1549400035915	e0f76b7b0bec4fd594d28571be645edc	78649	46499
1549407355915	ecf32929abbe4326a8c8db5a24187da0	39931	28580
1549396615915	da72f6031cfa46f4a4a7cb22d58e98dc	95476	58345
1549411315915	651bba01f7774573b8c42dfccdca3689	58096	89573
1549411195915	aecb1aff10d64103ba8f98e8cddb9565	3904	22891
1549389955915	e047666ae3b1422e96c3dc45a1525d8d	91353	7754
1549398595915	e624ef88b3f743f9a0511b8e19a5fc4d	96027	3686
1549418395915	45187a089d07416e896bc1c48738dabd	25615	28371
1549404115915	45e62c8feade425d868dedf9b1861161	9898	2704
1549387915924	f1116555f8764a93bd1d459db4061ff5	26351	94782
1549408255926	75f9d57af88846cea1e3ef2ed69f8597	88144	51292
1549406035926	2ea64b73058947c998a0e2ee0efd301b	49556	70881
1549398475927	3817adbbdf884d648935a75b84dc3638	19156	404
1549408435927	fe7172c4931246feb089c30d0b93a498	12288	70667
1549422655927	52e493efd5ce4cb49d6724bca2044e0a	39551	75135
1549421815927	e2cb2ae68dc24831bdb17cf9b05780db	83	5672
1549409095927	12552b812b694938a59d2cc9220412a1	74171	34394
1549389175927	0d64d956ad9447268cb10d10f16587f0	50482	48988
1549413955927	490fa6241fda4afc8ba58cc1cccdd33d	58676	56545
1549408495927	3324881b39eb41f1bbb39058da8c5a30	60161	77540
1549414315927	08930f3f2ad34b6ab34b62b07ec9456b	10394	46981
1549414435927	014da98e7e4e46e7916ceb69dcd8e73f	34921	51034
1549405615927	b695707804da4c4b84b33b3549242284	83581	3316
1549394395927	7d91538da3a04f60b9638c4a0c4f6dd7	91634	17392
1549409815927	ecf32929abbe4326a8c8db5a24187da0	65039	90485
1549415215927	66366d3e1fae4bfa9232bbfc81b7b3a0	85257	1713
1549396675927	f346b4a62844441ea99f0199877dfe07	69029	98827
1549412155927	6c48008175694ba08a4b71894f29b80b	97883	43236
1549420495927	04b5bc82760045aabec6f607ee8b2279	566	30800
1549394695927	e624ef88b3f743f9a0511b8e19a5fc4d	25208	618
1549393795927	7bf7ece9c65b4f8cbe0382105ce5f973	86042	99065
1549410295927	5d6f239ae9cd4797b9121fe10416f70b	51280	52637
1549411855927	0effdfb16c11489f813b689fb3518e73	88875	83029
1549404355927	da72f6031cfa46f4a4a7cb22d58e98dc	66648	57105
1549418095927	88281037323840b0925b8cb253d88252	17287	85839
1549407655927	c7a603cc8aa246b48ec239963ed406c7	30246	84053
1549390495927	651bba01f7774573b8c42dfccdca3689	44203	12618
1549410955927	593955c9a9ba4851acbdec03abd66d84	8592	73008
1549409515927	c2875d6787f84ada9e68b7db0e912a28	20825	62945
1549391575927	f1116555f8764a93bd1d459db4061ff5	30673	98566
1549390435927	eb344d818e014da3b56d8d3c6bb44dab	27154	87342
1549413475927	c33bbedb80bc4251a03bd910c577c18f	51268	20017
1549415035927	be4c03a08a184249bb4ffb753210d444	85501	98
1549413475927	6b2949c96d984627bc4d011a8340adb4	34566	30186
1549418455927	3324881b39eb41f1bbb39058da8c5a30	15102	86214
1549413415927	08930f3f2ad34b6ab34b62b07ec9456b	63735	84351
1549422235927	651bba01f7774573b8c42dfccdca3689	26910	36866
1549417135927	d014f9c8e60c4fe28682b364b96bfa4d	28025	98044
1549393435927	08c281503c50452892cff07a73d87958	35913	52
1549420795927	b4cd228c808646f0bf156c04501fbccc	61551	71333
1549388275927	3817adbbdf884d648935a75b84dc3638	58251	71254
1549412575927	fe7172c4931246feb089c30d0b93a498	75007	54135
1549403035927	66366d3e1fae4bfa9232bbfc81b7b3a0	36658	62138
1549411075927	ad9331d7e7b7440aa8405cbbf31af835	40144	29612
1549395775927	73a9fbac5390425aba131f9f6d9b6fc0	86543	25327
1549417135927	5c94383e89a340eb8aa6ef07a0633b7a	64460	5525
1549422415927	6b2949c96d984627bc4d011a8340adb4	58772	42171
1549402975927	da1a383e1b154f61a6687af4607ad743	15071	67839
1549423015927	b48be24e362a4f98a8dd4b3ff9cc9117	97782	54368
1549418215927	04b5bc82760045aabec6f607ee8b2279	13685	68017
1549409155927	92849f69b70f4539aaa0b386a23cf5b1	82220	16441
1549417075927	b695707804da4c4b84b33b3549242284	50975	45226
1549397095927	3278e6e8dde241759352eddfa79ddf0a	92525	44475
1549422055927	aecb1aff10d64103ba8f98e8cddb9565	83566	72261
1549405615927	2ea64b73058947c998a0e2ee0efd301b	1014	99958
1549398655927	ae9c895f11524996acc9002700492477	45206	97782
1549399015927	da1a383e1b154f61a6687af4607ad743	71618	61620
1549411795927	0effdfb16c11489f813b689fb3518e73	15884	68299
1549397335927	345bf4c6ac7d452eac113056be4a6ee4	3631	35542
1549407235927	ce092c65136f4f298c1ca0437ee2a732	87848	31053
1549388935927	a2e259b532af4af48ede6f73174ed9e8	60927	89852
1549406695927	6c48008175694ba08a4b71894f29b80b	77603	9598
1549397635927	b51076bcf9804b84a8f4c088362a7619	78867	30939
1549405735927	c33bbedb80bc4251a03bd910c577c18f	34874	10011
1549396615927	3278e6e8dde241759352eddfa79ddf0a	67570	94310
1549391815927	5c94383e89a340eb8aa6ef07a0633b7a	87432	16953
1549389235927	04b5bc82760045aabec6f607ee8b2279	75072	60679
1549409995927	e624ef88b3f743f9a0511b8e19a5fc4d	29071	51434
1549417195927	6b2949c96d984627bc4d011a8340adb4	80071	84772
1549398715927	014da98e7e4e46e7916ceb69dcd8e73f	24336	97975
1549400515927	88281037323840b0925b8cb253d88252	46192	73116
1549415695927	cbc1620b22374471a8d409251c104e87	61741	96932
1549404115927	cbc1620b22374471a8d409251c104e87	14058	97481
1549409695927	d5c999997ce54081b6b346cd9ad37b6c	22542	33552
1549407835927	fe7172c4931246feb089c30d0b93a498	1570	88222
1549420915927	490fa6241fda4afc8ba58cc1cccdd33d	53528	24468
1549392355928	79a3f02f58054f17be9bd8845bbe8269	90473	10920
1549408855928	39dc3709c91b4fb6ad9a3d8836e4538d	15927	92225
1549414075928	1c7a8e66d4c2492c8a841f1faa5838c9	34737	35695
1549398175928	88281037323840b0925b8cb253d88252	3669	20228
1549421275928	45bca1af19834a699c0fa29271c61f66	4175	65779
1549412935928	158960e8c443450dacf2b879d6ff88d4	87584	78500
1549419175928	62c0f78c823244c38b00fc7ff9b27fb4	26458	60785
1549420975928	b401a1a1fb1e42669c9b1aedf30f7480	44199	77824
1549408195928	490fa6241fda4afc8ba58cc1cccdd33d	1066	70524
1549420075928	5c94383e89a340eb8aa6ef07a0633b7a	78333	54354
1549397695928	b9012713d0eb4cbdb796bdbbdb921117	66137	76646
1549411915928	b4cd228c808646f0bf156c04501fbccc	73876	21200
1549411795928	068d9b6efe0444bf8a031ea85b96fdb1	90469	84503
1549405675928	45187a089d07416e896bc1c48738dabd	95203	10727
1549423555928	42986744eb4e4eb3902e475dd6e5f697	50667	10418
1549390735928	7bf7ece9c65b4f8cbe0382105ce5f973	35712	92769
1549392115928	3278e6e8dde241759352eddfa79ddf0a	36365	99924
1549401895928	2b63f72523b3455cb1bc2dbb817ae527	55718	35454
1549412695928	d5c999997ce54081b6b346cd9ad37b6c	79373	12726
1549390435928	3817adbbdf884d648935a75b84dc3638	50928	94011
1549415335928	068d9b6efe0444bf8a031ea85b96fdb1	50767	27560
1549413055928	92849f69b70f4539aaa0b386a23cf5b1	14363	1936
1549407295928	7bf7ece9c65b4f8cbe0382105ce5f973	22042	25302
1549420195928	ad9331d7e7b7440aa8405cbbf31af835	82344	47435
1549391275928	b5594ca75dfb42faa42f6cace15bb7f3	85335	27300
1549406935928	f9bb6e898f714e5f8130393434341419	97943	46712
1549406875928	eb344d818e014da3b56d8d3c6bb44dab	15504	47155
1549412275928	6c48008175694ba08a4b71894f29b80b	34668	23418
1549417255928	17fcd0031eb04bc38fd0caa98b7a75ec	24722	52252
1549421395928	490fa6241fda4afc8ba58cc1cccdd33d	72621	63664
1549417135928	08c281503c50452892cff07a73d87958	81771	86769
1549401655928	b5594ca75dfb42faa42f6cace15bb7f3	2753	95475
1549409275928	79a3f02f58054f17be9bd8845bbe8269	64844	83680
1549402195928	b4cd228c808646f0bf156c04501fbccc	62130	34292
1549404475928	593955c9a9ba4851acbdec03abd66d84	15975	31633
1549406515928	52fa5854b85a4ad39b8292b99d46fc35	84395	20000
1549417735928	88281037323840b0925b8cb253d88252	88689	87429
1549394935928	f346b4a62844441ea99f0199877dfe07	43387	8893
1549420255928	d5c999997ce54081b6b346cd9ad37b6c	50017	13463
1549416835928	12552b812b694938a59d2cc9220412a1	96112	65964
1549419595928	eb344d818e014da3b56d8d3c6bb44dab	3055	59996
1549420195928	d176f9913d8548d0bee8139e16d1c91c	53788	26950
1549395775928	14e9d8c459aa4f77a8a6f0b04f307679	59957	80612
1549389835928	b9012713d0eb4cbdb796bdbbdb921117	30163	3521
1549393135928	8495806050b647ab9d1c45f93a4bb56e	50385	34840
1549403575928	be4c03a08a184249bb4ffb753210d444	58122	95658
1549421695928	d176f9913d8548d0bee8139e16d1c91c	68672	8540
1549388335928	b5594ca75dfb42faa42f6cace15bb7f3	2265	27626
1549415155928	c7a603cc8aa246b48ec239963ed406c7	2820	97292
1549402135928	3278e6e8dde241759352eddfa79ddf0a	14714	14564
1549400095928	7d91538da3a04f60b9638c4a0c4f6dd7	799	67072
1549402735928	d53e3f5ebbdd4fcf909c2fdc06fd127a	68199	51090
1549393975928	be4c03a08a184249bb4ffb753210d444	98229	78313
1549388935928	bf3a7a3662ce4dd7b620230b4f987b11	38111	39788
1549412095928	62c0f78c823244c38b00fc7ff9b27fb4	66957	77523
1549422475928	12552b812b694938a59d2cc9220412a1	49632	25250
1549390015928	88281037323840b0925b8cb253d88252	75952	24867
1549420135928	da72f6031cfa46f4a4a7cb22d58e98dc	81262	39647
1549411975928	b4cd228c808646f0bf156c04501fbccc	59752	5144
1549412395928	75f9d57af88846cea1e3ef2ed69f8597	43915	75206
1549421455928	7d91538da3a04f60b9638c4a0c4f6dd7	72354	24364
1549407895928	52e493efd5ce4cb49d6724bca2044e0a	16572	73174
1549420435928	12552b812b694938a59d2cc9220412a1	65900	89458
1549407535928	b7692356920b4b1389c66d8f9b33ffe7	77962	33256
1549397635928	45bca1af19834a699c0fa29271c61f66	21015	49815
1549416475928	19a4050f8da449d09b212862c944220d	74941	17901
1549410055928	5d6f239ae9cd4797b9121fe10416f70b	47733	30594
1549406455928	ad9331d7e7b7440aa8405cbbf31af835	88226	66610
1549392415928	d53e3f5ebbdd4fcf909c2fdc06fd127a	88411	68885
1549393975928	1c7a8e66d4c2492c8a841f1faa5838c9	98599	89405
1549409575928	14e9d8c459aa4f77a8a6f0b04f307679	56608	70347
1549417315928	45e62c8feade425d868dedf9b1861161	68953	26735
1549421995928	651bba01f7774573b8c42dfccdca3689	59420	56122
1549422475928	29fc0e4cc25a4b10b9dadabc6cafe536	63372	51617
1549405075928	45fc562513254a608775845808c315ea	46249	86385
1549410235928	fe7172c4931246feb089c30d0b93a498	90514	87145
1549391935928	16f32551eab344c3b69d5273cd32b023	33989	75128
1549417015928	d5c999997ce54081b6b346cd9ad37b6c	76834	69524
1549412815929	ae9c895f11524996acc9002700492477	17422	72596
1549421275929	45187a089d07416e896bc1c48738dabd	19026	24363
1549406215929	158960e8c443450dacf2b879d6ff88d4	64099	60833
1549399135929	1c7a8e66d4c2492c8a841f1faa5838c9	53565	77776
1549405975929	79a3f02f58054f17be9bd8845bbe8269	52841	36920
1549411435929	d53e3f5ebbdd4fcf909c2fdc06fd127a	23006	70815
1549388635929	d53e3f5ebbdd4fcf909c2fdc06fd127a	83235	46953
1549407715929	a2e259b532af4af48ede6f73174ed9e8	34035	60559
1549404595929	d87f376b220242c19ed1aeb06b5d1540	4857	29567
1549415335929	c852654b3d7f4861b9647152d9c635a9	14298	77712
1549400455929	16f32551eab344c3b69d5273cd32b023	44594	26945
1549393735929	9adf76dfb514428ba6569a627a2d1e3b	53686	37933
1549392355929	73a9fbac5390425aba131f9f6d9b6fc0	14617	89260
1549403095929	2ea64b73058947c998a0e2ee0efd301b	54634	31465
1549417255929	45fc562513254a608775845808c315ea	85978	13371
1549391215929	df87d85023214f56a74ba72b7fda7871	70556	32291
1549401835929	aecb1aff10d64103ba8f98e8cddb9565	18021	18849
1549405975929	f346b4a62844441ea99f0199877dfe07	86067	52563
1549404475929	75f9d57af88846cea1e3ef2ed69f8597	8362	66060
1549413115929	da1a383e1b154f61a6687af4607ad743	85369	66444
1549397515929	62c0f78c823244c38b00fc7ff9b27fb4	93596	43009
1549412875929	e624ef88b3f743f9a0511b8e19a5fc4d	16314	76762
1549403755929	df87d85023214f56a74ba72b7fda7871	75054	90116
1549408075929	b51076bcf9804b84a8f4c088362a7619	51427	90563
1549410115929	17fcd0031eb04bc38fd0caa98b7a75ec	65752	43343
1549401175929	7d91538da3a04f60b9638c4a0c4f6dd7	35811	89320
1549422295929	345bf4c6ac7d452eac113056be4a6ee4	31346	17911
1549409155929	f54f41dc5fff4f0aa53dd32543b86d7f	50060	36962
1549399675929	490fa6241fda4afc8ba58cc1cccdd33d	40278	61644
1549395295929	345bf4c6ac7d452eac113056be4a6ee4	68274	57735
1549400575929	2fe8a07bb865489c9330653528c2eb44	11650	3446
1549401895929	3817adbbdf884d648935a75b84dc3638	9162	34244
1549413295929	8495806050b647ab9d1c45f93a4bb56e	63827	4699
1549409695929	7d91538da3a04f60b9638c4a0c4f6dd7	69612	86242
1549405735929	ad9331d7e7b7440aa8405cbbf31af835	51915	30326
1549398355929	9adf76dfb514428ba6569a627a2d1e3b	23890	25379
1549388995929	52e493efd5ce4cb49d6724bca2044e0a	27948	41695
1549389115929	3324881b39eb41f1bbb39058da8c5a30	73526	64867
1549407475929	b695707804da4c4b84b33b3549242284	52634	23687
1549423375929	cbc1620b22374471a8d409251c104e87	86295	48601
1549416055929	a2e259b532af4af48ede6f73174ed9e8	45597	59994
1549417975929	08c281503c50452892cff07a73d87958	22228	14613
1549413055929	d53e3f5ebbdd4fcf909c2fdc06fd127a	6780	5372
1549423195929	b51076bcf9804b84a8f4c088362a7619	10350	45505
1549418035929	efb7b4e35a2544d599493bf132ff516f	48034	52431
1549405555929	6b2949c96d984627bc4d011a8340adb4	22442	5026
1549408015929	aecb1aff10d64103ba8f98e8cddb9565	4956	30185
1549417495929	6b2949c96d984627bc4d011a8340adb4	48109	47990
1549398355929	08c281503c50452892cff07a73d87958	6456	72640
1549417075929	c7a603cc8aa246b48ec239963ed406c7	55997	73078
1549421095929	f16cfd4c891b4628a82d808a50b241fe	77703	44063
1549392235929	45fc562513254a608775845808c315ea	88806	21330
1549394815929	df07931b31214f3eb1eb24d27e9f9b5d	49851	57039
1549396915929	ae9c895f11524996acc9002700492477	43346	59545
1549398955929	04b5bc82760045aabec6f607ee8b2279	65545	98577
1549416655929	08c281503c50452892cff07a73d87958	35087	34832
1549413715929	16f32551eab344c3b69d5273cd32b023	59848	79232
1549407295929	42986744eb4e4eb3902e475dd6e5f697	49389	88376
1549394455929	5d6f239ae9cd4797b9121fe10416f70b	9104	37106
1549402255929	da72f6031cfa46f4a4a7cb22d58e98dc	67965	81066
1549388275929	52e493efd5ce4cb49d6724bca2044e0a	70331	37013
1549391635929	0d64d956ad9447268cb10d10f16587f0	69874	74076
1549407955929	2fe8a07bb865489c9330653528c2eb44	3015	39603
1549405255929	79a3f02f58054f17be9bd8845bbe8269	71107	24250
1549415935929	651bba01f7774573b8c42dfccdca3689	10770	66992
1549389775929	04b5bc82760045aabec6f607ee8b2279	62279	75375
1549413055929	79a3f02f58054f17be9bd8845bbe8269	22012	59880
1549391515929	45e62c8feade425d868dedf9b1861161	69782	36828
1549409215929	19a4050f8da449d09b212862c944220d	48392	30740
1549399675929	92849f69b70f4539aaa0b386a23cf5b1	5038	44061
1549413175929	5d6f239ae9cd4797b9121fe10416f70b	6618	41987
1549393615929	62c0f78c823244c38b00fc7ff9b27fb4	74860	70537
1549417135929	da72f6031cfa46f4a4a7cb22d58e98dc	42681	18083
1549411255929	2ea64b73058947c998a0e2ee0efd301b	52494	39728
1549387975929	39dc3709c91b4fb6ad9a3d8836e4538d	47950	60631
1549393375929	d5c999997ce54081b6b346cd9ad37b6c	52919	69756
1549420435929	45bca1af19834a699c0fa29271c61f66	90915	44479
1549388575929	e047666ae3b1422e96c3dc45a1525d8d	13131	68466
1549402315929	490fa6241fda4afc8ba58cc1cccdd33d	24165	15925
1549400755929	16f32551eab344c3b69d5273cd32b023	47150	90096
1549404175929	1c7a8e66d4c2492c8a841f1faa5838c9	18146	28044
1549414975929	f346b4a62844441ea99f0199877dfe07	9352	76302
1549398055929	b48be24e362a4f98a8dd4b3ff9cc9117	10123	67345
1549402795929	14e9d8c459aa4f77a8a6f0b04f307679	15683	17119
1549393795930	d87f376b220242c19ed1aeb06b5d1540	72435	75660
1549418095930	bf3a7a3662ce4dd7b620230b4f987b11	41035	29935
1549396315930	df87d85023214f56a74ba72b7fda7871	20045	77117
1549416775930	19a4050f8da449d09b212862c944220d	6700	22692
1549407055930	b55f20c7db324b54bf0cf87d1239c6c5	29361	45825
1549391095930	e047666ae3b1422e96c3dc45a1525d8d	88	24702
1549422475930	73a9fbac5390425aba131f9f6d9b6fc0	59127	58923
1549421995930	be4c03a08a184249bb4ffb753210d444	36638	66744
1549410235930	0d64d956ad9447268cb10d10f16587f0	43033	57613
1549390555930	c2875d6787f84ada9e68b7db0e912a28	14547	75911
1549404535930	2ea64b73058947c998a0e2ee0efd301b	40437	11279
1549419355930	068d9b6efe0444bf8a031ea85b96fdb1	56556	69047
1549407235930	c7a603cc8aa246b48ec239963ed406c7	95113	18740
1549411735930	158960e8c443450dacf2b879d6ff88d4	33281	55155
1549410595930	c33bbedb80bc4251a03bd910c577c18f	17589	2202
1549399735930	08c281503c50452892cff07a73d87958	63884	67900
1549389355930	e624ef88b3f743f9a0511b8e19a5fc4d	29692	69463
1549401295930	5c94383e89a340eb8aa6ef07a0633b7a	16935	62670
1549390675930	17fcd0031eb04bc38fd0caa98b7a75ec	60258	97438
1549409695930	45bca1af19834a699c0fa29271c61f66	48049	84992
1549413655930	bf3a7a3662ce4dd7b620230b4f987b11	56686	24442
1549397575930	b48be24e362a4f98a8dd4b3ff9cc9117	89897	62434
1549403875930	8495806050b647ab9d1c45f93a4bb56e	17705	4208
1549414615930	5722014982da443ea927ed0bdbaf326f	42001	84094
1549410535930	73a9fbac5390425aba131f9f6d9b6fc0	31389	81919
1549391935930	651bba01f7774573b8c42dfccdca3689	42507	49369
1549403995930	d5c999997ce54081b6b346cd9ad37b6c	24727	97248
1549400575930	c33bbedb80bc4251a03bd910c577c18f	38879	53840
1549407835930	2fe8a07bb865489c9330653528c2eb44	71141	93351
1549406395930	aecb1aff10d64103ba8f98e8cddb9565	65651	2717
1549393975930	42986744eb4e4eb3902e475dd6e5f697	47704	62978
1549401535930	19a4050f8da449d09b212862c944220d	20369	11378
1549397275930	42986744eb4e4eb3902e475dd6e5f697	93187	51863
1549412635930	7d91538da3a04f60b9638c4a0c4f6dd7	63236	67579
1549417855930	7bf7ece9c65b4f8cbe0382105ce5f973	21721	13767
1549394035930	5c94383e89a340eb8aa6ef07a0633b7a	85242	11549
1549397155930	da1a383e1b154f61a6687af4607ad743	3538	18095
1549408675930	b401a1a1fb1e42669c9b1aedf30f7480	33827	60507
1549399855930	b55f20c7db324b54bf0cf87d1239c6c5	85542	17252
1549403995930	da1a383e1b154f61a6687af4607ad743	13616	38573
1549396375930	068d9b6efe0444bf8a031ea85b96fdb1	53936	20148
1549413235930	eb344d818e014da3b56d8d3c6bb44dab	23220	13800
1549411855930	3324881b39eb41f1bbb39058da8c5a30	65099	21929
1549409635930	08c281503c50452892cff07a73d87958	60774	35643
1549414555930	a2e259b532af4af48ede6f73174ed9e8	14648	67878
1549411855930	efa1cbe6caf342f9b708a560e5492e85	19421	87405
1549418815930	5c94383e89a340eb8aa6ef07a0633b7a	49078	45673
1549401955930	e047666ae3b1422e96c3dc45a1525d8d	63570	25826
1549417675930	014da98e7e4e46e7916ceb69dcd8e73f	9448	58186
1549420915930	6b2949c96d984627bc4d011a8340adb4	95265	46389
1549394815930	d014f9c8e60c4fe28682b364b96bfa4d	25170	17528
1549391455930	efb7b4e35a2544d599493bf132ff516f	58599	21501
1549408915930	66366d3e1fae4bfa9232bbfc81b7b3a0	67740	91744
1549396555930	df87d85023214f56a74ba72b7fda7871	77380	58378
1549414675930	62c0f78c823244c38b00fc7ff9b27fb4	46061	46631
1549393855930	9adf76dfb514428ba6569a627a2d1e3b	69691	86726
1549403275930	ce092c65136f4f298c1ca0437ee2a732	47408	50444
1549410355930	c7a603cc8aa246b48ec239963ed406c7	79757	23701
1549393435930	f54f41dc5fff4f0aa53dd32543b86d7f	70130	68713
1549400095930	0d64d956ad9447268cb10d10f16587f0	22081	2295
1549413115930	f7ee3932116642c5880ba1dd802e6853	10721	77713
1549422475930	df07931b31214f3eb1eb24d27e9f9b5d	12990	12451
1549391515930	8495806050b647ab9d1c45f93a4bb56e	55054	2193
1549395235930	c7a603cc8aa246b48ec239963ed406c7	84527	76172
1549406755930	8bfddb3a95f34513b8908575c3a28f1f	46795	42096
1549388635930	63db2fa9ae2e44608f5756b6bd0d3b60	36733	46653
1549411315930	6189802136ca433fb1431f4856806014	5582	87888
1549416235930	92849f69b70f4539aaa0b386a23cf5b1	22200	92766
1549393255930	da1a383e1b154f61a6687af4607ad743	46540	13388
1549418815930	88281037323840b0925b8cb253d88252	59182	45486
1549415335930	d5c999997ce54081b6b346cd9ad37b6c	11838	20794
1549397215930	e2cb2ae68dc24831bdb17cf9b05780db	14130	14504
1549423555930	e047666ae3b1422e96c3dc45a1525d8d	85534	8105
1549402975930	8bfddb3a95f34513b8908575c3a28f1f	23766	42496
1549409335930	0effdfb16c11489f813b689fb3518e73	57738	71521
1549395835930	d014f9c8e60c4fe28682b364b96bfa4d	16464	91109
1549400515930	758fb35782dc400381ea640c3638c82e	44352	24455
1549411255930	f9bb6e898f714e5f8130393434341419	12344	7518
1549397515930	17fcd0031eb04bc38fd0caa98b7a75ec	6624	33208
1549390015930	490fa6241fda4afc8ba58cc1cccdd33d	81608	13615
1549416415930	b51076bcf9804b84a8f4c088362a7619	10765	34634
1549410475930	75f9d57af88846cea1e3ef2ed69f8597	16090	69363
1549402075930	73a9fbac5390425aba131f9f6d9b6fc0	38347	96848
1549420375930	f9bb6e898f714e5f8130393434341419	70797	73888
1549412575930	d87f376b220242c19ed1aeb06b5d1540	22594	27221
1549399615930	da1a383e1b154f61a6687af4607ad743	23168	30152
1549413295930	da1a383e1b154f61a6687af4607ad743	19449	83613
1549398715930	9adf76dfb514428ba6569a627a2d1e3b	13877	63220
1549392355930	39dc3709c91b4fb6ad9a3d8836e4538d	50043	40137
1549400215931	ae9c895f11524996acc9002700492477	19983	27433
1549416715931	62c0f78c823244c38b00fc7ff9b27fb4	2357	31761
1549408495931	5722014982da443ea927ed0bdbaf326f	61076	96228
1549416715931	17fcd0031eb04bc38fd0caa98b7a75ec	5525	42697
1549390255931	651bba01f7774573b8c42dfccdca3689	64234	27711
1549408015931	63db2fa9ae2e44608f5756b6bd0d3b60	972	21118
1549398715931	7bf7ece9c65b4f8cbe0382105ce5f973	24253	78860
1549405855931	3324881b39eb41f1bbb39058da8c5a30	85165	41464
1549418155931	45bca1af19834a699c0fa29271c61f66	80951	78294
1549392475931	7d91538da3a04f60b9638c4a0c4f6dd7	38251	72664
1549402555931	b4cd228c808646f0bf156c04501fbccc	90471	35973
1549423675931	5722014982da443ea927ed0bdbaf326f	69918	95800
1549416175931	73a9fbac5390425aba131f9f6d9b6fc0	1691	46680
1549401775931	1c7a8e66d4c2492c8a841f1faa5838c9	42398	55567
1549403155931	2fe8a07bb865489c9330653528c2eb44	67300	95594
1549416355931	e2cb2ae68dc24831bdb17cf9b05780db	36102	77900
1549399675931	d176f9913d8548d0bee8139e16d1c91c	87064	32559
1549414675931	b4cd228c808646f0bf156c04501fbccc	178	59032
1549413955931	88281037323840b0925b8cb253d88252	66315	95957
1549411675931	19a4050f8da449d09b212862c944220d	63328	86774
1549423315931	758fb35782dc400381ea640c3638c82e	12853	19718
1549409095931	79a3f02f58054f17be9bd8845bbe8269	23506	48388
1549413775931	b51076bcf9804b84a8f4c088362a7619	7759	43554
1549414915931	08c281503c50452892cff07a73d87958	5674	27385
1549416535931	7d91538da3a04f60b9638c4a0c4f6dd7	1685	65799
1549421035931	ecf32929abbe4326a8c8db5a24187da0	58285	99591
1549392955931	6b2949c96d984627bc4d011a8340adb4	29252	44587
1549388095931	16f32551eab344c3b69d5273cd32b023	47104	567
1549401415931	df07931b31214f3eb1eb24d27e9f9b5d	4125	35261
1549418755931	5d6f239ae9cd4797b9121fe10416f70b	29677	96657
1549399975931	da1a383e1b154f61a6687af4607ad743	76192	79881
1549418635931	b401a1a1fb1e42669c9b1aedf30f7480	48799	82547
1549415275931	efa1cbe6caf342f9b708a560e5492e85	3921	68147
1549389295931	e624ef88b3f743f9a0511b8e19a5fc4d	88961	62615
1549405555931	ad9331d7e7b7440aa8405cbbf31af835	7319	52888
1549395535931	d5c999997ce54081b6b346cd9ad37b6c	78274	6671
1549412515931	f9bb6e898f714e5f8130393434341419	25783	78994
1549406995931	758fb35782dc400381ea640c3638c82e	19987	72330
1549409635931	7d91538da3a04f60b9638c4a0c4f6dd7	75196	89938
1549398955931	345bf4c6ac7d452eac113056be4a6ee4	24486	37166
1549400335931	04b5bc82760045aabec6f607ee8b2279	45906	54918
1549411795931	6b2949c96d984627bc4d011a8340adb4	81393	37597
1549410235931	b7692356920b4b1389c66d8f9b33ffe7	55014	84338
1549409155931	66366d3e1fae4bfa9232bbfc81b7b3a0	96041	9490
1549389775931	b51076bcf9804b84a8f4c088362a7619	90855	23608
1549422475931	17fcd0031eb04bc38fd0caa98b7a75ec	93223	21987
1549403575931	da1a383e1b154f61a6687af4607ad743	86792	12210
1549407895931	08930f3f2ad34b6ab34b62b07ec9456b	50406	77726
1549406155931	6c48008175694ba08a4b71894f29b80b	50491	80084
1549402015931	c852654b3d7f4861b9647152d9c635a9	6050	50350
1549393855931	39dc3709c91b4fb6ad9a3d8836e4538d	84598	64812
1549415815931	f346b4a62844441ea99f0199877dfe07	69177	76596
1549403455931	d87f376b220242c19ed1aeb06b5d1540	68849	41380
1549411255931	593955c9a9ba4851acbdec03abd66d84	88621	1616
1549414195931	08c281503c50452892cff07a73d87958	63078	77756
1549418875931	45bca1af19834a699c0fa29271c61f66	43968	40119
1549411795931	7bf7ece9c65b4f8cbe0382105ce5f973	40240	23346
1549389355931	068d9b6efe0444bf8a031ea85b96fdb1	28407	63932
1549395475931	16f32551eab344c3b69d5273cd32b023	49676	56251
1549411855931	b48be24e362a4f98a8dd4b3ff9cc9117	93303	15625
1549400515931	da1a383e1b154f61a6687af4607ad743	3706	14089
1549394695931	3278e6e8dde241759352eddfa79ddf0a	53706	24740
1549392295931	068d9b6efe0444bf8a031ea85b96fdb1	87259	28069
1549392295931	da1a383e1b154f61a6687af4607ad743	64091	85901
1549399795931	0effdfb16c11489f813b689fb3518e73	74132	83827
1549413895931	63db2fa9ae2e44608f5756b6bd0d3b60	949	63836
1549389415931	b9012713d0eb4cbdb796bdbbdb921117	37354	41266
1549411075931	efb7b4e35a2544d599493bf132ff516f	67303	45413
1549399495931	b7692356920b4b1389c66d8f9b33ffe7	72004	98459
1549414795931	b48be24e362a4f98a8dd4b3ff9cc9117	59426	78293
1549398655931	068d9b6efe0444bf8a031ea85b96fdb1	32396	80191
1549398475931	79a3f02f58054f17be9bd8845bbe8269	55833	92755
1549398595931	6d868f3a8a224d6e80251cc56bccf23b	84749	12780
1549391515931	14e9d8c459aa4f77a8a6f0b04f307679	55135	34658
1549412395931	19a4050f8da449d09b212862c944220d	10805	29702
1549398655931	b5594ca75dfb42faa42f6cace15bb7f3	88812	83067
1549395235931	ce092c65136f4f298c1ca0437ee2a732	65396	90831
1549406935931	45fc562513254a608775845808c315ea	20760	68181
1549414255931	f16cfd4c891b4628a82d808a50b241fe	41467	82817
1549400635931	73a9fbac5390425aba131f9f6d9b6fc0	81246	84639
1549391275931	2ea64b73058947c998a0e2ee0efd301b	4926	1968
1549420735931	75f9d57af88846cea1e3ef2ed69f8597	16922	66305
1549396975931	0d64d956ad9447268cb10d10f16587f0	13234	61674
1549406215931	593955c9a9ba4851acbdec03abd66d84	74123	41633
1549414495931	c7a603cc8aa246b48ec239963ed406c7	64239	47352
1549399735931	d176f9913d8548d0bee8139e16d1c91c	60849	81657
1549418695932	5722014982da443ea927ed0bdbaf326f	5166	92604
1549412995932	f7ee3932116642c5880ba1dd802e6853	16623	39651
1549419775932	6b2949c96d984627bc4d011a8340adb4	58411	62003
1549391935932	f1116555f8764a93bd1d459db4061ff5	5897	18991
1549414495932	d014f9c8e60c4fe28682b364b96bfa4d	4003	28786
1549392175932	f16cfd4c891b4628a82d808a50b241fe	935	43689
1549423375932	e0f76b7b0bec4fd594d28571be645edc	17207	99627
1549389115932	0d64d956ad9447268cb10d10f16587f0	64240	64918
1549394935932	29fc0e4cc25a4b10b9dadabc6cafe536	93703	3110
1549421875932	1c7a8e66d4c2492c8a841f1faa5838c9	72431	53940
1549396495932	6d868f3a8a224d6e80251cc56bccf23b	29304	72714
1549404175932	014da98e7e4e46e7916ceb69dcd8e73f	78097	3295
1549389295932	da72f6031cfa46f4a4a7cb22d58e98dc	39822	10067
1549419115932	79a3f02f58054f17be9bd8845bbe8269	40933	96488
1549402015932	04b5bc82760045aabec6f607ee8b2279	14002	64251
1549387735932	651bba01f7774573b8c42dfccdca3689	91898	66558
1549392235932	2ea64b73058947c998a0e2ee0efd301b	20940	12179
1549402495932	0d64d956ad9447268cb10d10f16587f0	94115	36167
1549403815932	ecf32929abbe4326a8c8db5a24187da0	24425	58056
1549403575932	6d868f3a8a224d6e80251cc56bccf23b	83254	772
1549421455932	d176f9913d8548d0bee8139e16d1c91c	71734	9728
1549391815932	b7692356920b4b1389c66d8f9b33ffe7	80616	15730
1549400455932	45bca1af19834a699c0fa29271c61f66	94850	78620
1549392535932	45fc562513254a608775845808c315ea	85330	61670
1549415035932	e0f76b7b0bec4fd594d28571be645edc	11583	76534
1549392175932	b5594ca75dfb42faa42f6cace15bb7f3	36527	56110
1549389535932	a2e259b532af4af48ede6f73174ed9e8	49058	96578
1549396975932	e624ef88b3f743f9a0511b8e19a5fc4d	14779	83284
1549421935932	b51076bcf9804b84a8f4c088362a7619	68926	9646
1549389175932	c7a603cc8aa246b48ec239963ed406c7	84789	8987
1549402735932	45187a089d07416e896bc1c48738dabd	89580	46979
1549408075932	2fe8a07bb865489c9330653528c2eb44	46941	76386
1549395055932	efa1cbe6caf342f9b708a560e5492e85	82470	70243
1549392955932	158960e8c443450dacf2b879d6ff88d4	35574	23838
1549388575932	3324881b39eb41f1bbb39058da8c5a30	42919	43851
1549420135932	9adf76dfb514428ba6569a627a2d1e3b	59716	21921
1549388155932	88281037323840b0925b8cb253d88252	11180	23664
1549414375932	12552b812b694938a59d2cc9220412a1	79119	27895
1549405675932	3817adbbdf884d648935a75b84dc3638	73365	80035
1549392835932	b5594ca75dfb42faa42f6cace15bb7f3	78686	93061
1549415995932	d87f376b220242c19ed1aeb06b5d1540	14340	79439
1549420435932	d87f376b220242c19ed1aeb06b5d1540	37148	90315
1549406875932	9adf76dfb514428ba6569a627a2d1e3b	94908	3031
1549396135932	e2cb2ae68dc24831bdb17cf9b05780db	90486	12897
1549398055932	b4cd228c808646f0bf156c04501fbccc	22594	81082
1549416295932	08930f3f2ad34b6ab34b62b07ec9456b	9947	10810
1549421035932	5d6f239ae9cd4797b9121fe10416f70b	39456	28465
1549396915932	3278e6e8dde241759352eddfa79ddf0a	78714	23205
1549421995932	d5c999997ce54081b6b346cd9ad37b6c	68508	86445
1549397215932	ce092c65136f4f298c1ca0437ee2a732	39622	27625
1549398175932	b55f20c7db324b54bf0cf87d1239c6c5	36325	11163
1549413895932	3817adbbdf884d648935a75b84dc3638	40245	93030
1549391875932	d5c999997ce54081b6b346cd9ad37b6c	41254	50337
1549398055932	75f9d57af88846cea1e3ef2ed69f8597	88572	45176
1549390075932	8bfddb3a95f34513b8908575c3a28f1f	84816	93632
1549419175932	d014f9c8e60c4fe28682b364b96bfa4d	63604	8213
1549418455932	92849f69b70f4539aaa0b386a23cf5b1	92148	6514
1549405015932	068d9b6efe0444bf8a031ea85b96fdb1	26328	16171
1549406275932	ecf32929abbe4326a8c8db5a24187da0	94630	71722
1549387795932	2b63f72523b3455cb1bc2dbb817ae527	52740	86661
1549404895932	e047666ae3b1422e96c3dc45a1525d8d	46523	69848
1549397335932	b51076bcf9804b84a8f4c088362a7619	98327	87653
1549390675932	88281037323840b0925b8cb253d88252	96395	95716
1549421935932	19a4050f8da449d09b212862c944220d	15889	7976
1549411015932	eb344d818e014da3b56d8d3c6bb44dab	72239	61137
1549397515932	d5c999997ce54081b6b346cd9ad37b6c	80789	7719
1549390255932	45fc562513254a608775845808c315ea	60259	17369
1549389055932	8bfddb3a95f34513b8908575c3a28f1f	32136	44050
1549407595932	df07931b31214f3eb1eb24d27e9f9b5d	89573	4596
1549394635932	7bf7ece9c65b4f8cbe0382105ce5f973	51535	18420
1549402555932	14e9d8c459aa4f77a8a6f0b04f307679	21363	8370
1549416415932	b695707804da4c4b84b33b3549242284	20693	82708
1549399855932	d5c999997ce54081b6b346cd9ad37b6c	76241	24094
1549404835932	490fa6241fda4afc8ba58cc1cccdd33d	39106	31887
1549402615932	c852654b3d7f4861b9647152d9c635a9	12096	40955
1549415155932	d53e3f5ebbdd4fcf909c2fdc06fd127a	1924	94849
1549404595932	29fc0e4cc25a4b10b9dadabc6cafe536	81543	28104
1549400335932	2fe8a07bb865489c9330653528c2eb44	23721	55131
1549389415932	2fe8a07bb865489c9330653528c2eb44	32334	77822
1549420735932	c7a603cc8aa246b48ec239963ed406c7	49667	60747
1549411135932	b5594ca75dfb42faa42f6cace15bb7f3	74142	85838
1549401175932	bf3a7a3662ce4dd7b620230b4f987b11	41442	13081
1549404235932	2b63f72523b3455cb1bc2dbb817ae527	92481	85669
1549413895933	12552b812b694938a59d2cc9220412a1	14749	93062
1549387915933	ecf32929abbe4326a8c8db5a24187da0	50343	93673
1549420855933	df07931b31214f3eb1eb24d27e9f9b5d	8777	84684
1549405735933	6d868f3a8a224d6e80251cc56bccf23b	29375	95930
1549417195933	d014f9c8e60c4fe28682b364b96bfa4d	30271	3362
1549389475933	45e62c8feade425d868dedf9b1861161	65465	41556
1549398355933	df87d85023214f56a74ba72b7fda7871	91738	74263
1549411675933	f1116555f8764a93bd1d459db4061ff5	55339	54377
1549406215933	63db2fa9ae2e44608f5756b6bd0d3b60	83894	40596
1549403875933	fe7172c4931246feb089c30d0b93a498	56968	51145
1549411435933	d014f9c8e60c4fe28682b364b96bfa4d	65842	3709
1549423015933	1c7a8e66d4c2492c8a841f1faa5838c9	53354	39452
1549421095933	d53e3f5ebbdd4fcf909c2fdc06fd127a	27758	51758
1549388815933	f16cfd4c891b4628a82d808a50b241fe	69416	28388
1549397095933	395cd97d053544d680ee77d3121a60a2	78157	26015
1549390195933	b401a1a1fb1e42669c9b1aedf30f7480	96544	96350
1549415335933	ad9331d7e7b7440aa8405cbbf31af835	18516	6081
1549399915933	08c281503c50452892cff07a73d87958	13166	49151
1549412035933	d014f9c8e60c4fe28682b364b96bfa4d	85256	42272
1549421755933	19a4050f8da449d09b212862c944220d	36082	63256
1549420555933	f1116555f8764a93bd1d459db4061ff5	50868	72961
1549394995933	7d91538da3a04f60b9638c4a0c4f6dd7	38222	39155
1549404775933	29fc0e4cc25a4b10b9dadabc6cafe536	20000	4067
1549408135933	158960e8c443450dacf2b879d6ff88d4	75653	11285
1549408915933	92849f69b70f4539aaa0b386a23cf5b1	49722	38623
1549419535933	be4c03a08a184249bb4ffb753210d444	89437	35708
1549410415933	ae9c895f11524996acc9002700492477	50000	65482
1549406995933	ae9c895f11524996acc9002700492477	96381	77985
1549412995933	3817adbbdf884d648935a75b84dc3638	15508	22512
1549397215933	b48be24e362a4f98a8dd4b3ff9cc9117	82671	1589
1549392415933	2fe8a07bb865489c9330653528c2eb44	60886	8472
1549415815933	e624ef88b3f743f9a0511b8e19a5fc4d	52574	30724
1549403995933	d53e3f5ebbdd4fcf909c2fdc06fd127a	54733	7652
1549389415933	f7ee3932116642c5880ba1dd802e6853	79097	9719
1549411255933	52fa5854b85a4ad39b8292b99d46fc35	79726	41967
1549388095933	6d868f3a8a224d6e80251cc56bccf23b	1870	77899
1549407295933	6b2949c96d984627bc4d011a8340adb4	17682	85902
1549408675933	fe7172c4931246feb089c30d0b93a498	4495	15836
1549414495933	45e62c8feade425d868dedf9b1861161	84628	13266
1549411075933	c2875d6787f84ada9e68b7db0e912a28	82896	53247
1549417135933	8bfddb3a95f34513b8908575c3a28f1f	41072	23234
1549421755933	2fe8a07bb865489c9330653528c2eb44	16198	5409
1549401235933	45187a089d07416e896bc1c48738dabd	37573	86467
1549411855933	8495806050b647ab9d1c45f93a4bb56e	82345	7883
1549393135933	0effdfb16c11489f813b689fb3518e73	80755	89649
1549393675933	19a4050f8da449d09b212862c944220d	22706	73823
1549397335933	efb7b4e35a2544d599493bf132ff516f	97502	86565
1549421575933	6189802136ca433fb1431f4856806014	44509	85977
1549408675933	39dc3709c91b4fb6ad9a3d8836e4538d	65320	47886
1549414015933	f16cfd4c891b4628a82d808a50b241fe	82216	76720
1549419535933	6189802136ca433fb1431f4856806014	39706	54842
1549411375933	12552b812b694938a59d2cc9220412a1	23346	11444
1549405255933	bf3a7a3662ce4dd7b620230b4f987b11	28315	23820
1549408015933	45e62c8feade425d868dedf9b1861161	43260	57007
1549395835933	b51076bcf9804b84a8f4c088362a7619	65911	54116
1549408075933	66366d3e1fae4bfa9232bbfc81b7b3a0	37355	41766
1549400035933	e047666ae3b1422e96c3dc45a1525d8d	24473	7101
1549412095933	df07931b31214f3eb1eb24d27e9f9b5d	52131	29111
1549413595933	52e493efd5ce4cb49d6724bca2044e0a	21968	66023
1549393495933	c7a603cc8aa246b48ec239963ed406c7	40237	50586
1549403635933	395cd97d053544d680ee77d3121a60a2	15021	34195
1549421815933	c33bbedb80bc4251a03bd910c577c18f	20785	12226
1549397335933	b5594ca75dfb42faa42f6cace15bb7f3	33027	38693
1549402135933	75f9d57af88846cea1e3ef2ed69f8597	18236	77275
1549417375933	6189802136ca433fb1431f4856806014	98214	89473
1549412755933	6c48008175694ba08a4b71894f29b80b	61979	89675
1549418155933	3324881b39eb41f1bbb39058da8c5a30	45740	21664
1549392655933	42986744eb4e4eb3902e475dd6e5f697	58270	57618
1549413475933	395cd97d053544d680ee77d3121a60a2	32110	23993
1549393555933	e047666ae3b1422e96c3dc45a1525d8d	61749	7820
1549409755933	c33bbedb80bc4251a03bd910c577c18f	63783	71867
1549402975933	ecf32929abbe4326a8c8db5a24187da0	23222	68491
1549411975933	5c94383e89a340eb8aa6ef07a0633b7a	83923	12847
1549404355933	158960e8c443450dacf2b879d6ff88d4	32148	4543
1549421035933	6189802136ca433fb1431f4856806014	28209	38264
1549404295933	068d9b6efe0444bf8a031ea85b96fdb1	81961	9776
1549422475933	c852654b3d7f4861b9647152d9c635a9	7361	29012
1549415995933	ad9331d7e7b7440aa8405cbbf31af835	25356	67839
1549414555933	d53e3f5ebbdd4fcf909c2fdc06fd127a	81415	5529
1549403215933	da1a383e1b154f61a6687af4607ad743	25115	94443
1549400815933	f346b4a62844441ea99f0199877dfe07	80709	98298
1549407715933	52e493efd5ce4cb49d6724bca2044e0a	61202	7304
1549387915933	b401a1a1fb1e42669c9b1aedf30f7480	93604	44290
1549414615933	b55f20c7db324b54bf0cf87d1239c6c5	55986	33894
1549399735933	490fa6241fda4afc8ba58cc1cccdd33d	8651	33142
1549410775933	2ea64b73058947c998a0e2ee0efd301b	41978	17362
1549407235934	b695707804da4c4b84b33b3549242284	99654	6485
1549398655934	88281037323840b0925b8cb253d88252	13105	91054
1549388995934	29fc0e4cc25a4b10b9dadabc6cafe536	98880	57304
1549401535934	66366d3e1fae4bfa9232bbfc81b7b3a0	93689	83896
1549395775934	42986744eb4e4eb3902e475dd6e5f697	67080	4244
1549409575934	6189802136ca433fb1431f4856806014	51869	52139
1549402615934	1c7a8e66d4c2492c8a841f1faa5838c9	60207	39060
1549402495934	da1a383e1b154f61a6687af4607ad743	34980	44246
1549406275934	45187a089d07416e896bc1c48738dabd	32008	19969
1549395415934	b4cd228c808646f0bf156c04501fbccc	5594	80488
1549401655934	d87f376b220242c19ed1aeb06b5d1540	85735	55932
1549409455934	29fc0e4cc25a4b10b9dadabc6cafe536	7534	73926
1549403215934	08930f3f2ad34b6ab34b62b07ec9456b	53090	11488
1549396075934	08c281503c50452892cff07a73d87958	24174	6832
1549406815934	593955c9a9ba4851acbdec03abd66d84	31634	50370
1549393015934	395cd97d053544d680ee77d3121a60a2	74540	84577
1549394635934	45bca1af19834a699c0fa29271c61f66	41970	50834
1549392235934	9adf76dfb514428ba6569a627a2d1e3b	3452	19694
1549404595934	b9012713d0eb4cbdb796bdbbdb921117	44095	73978
1549405915934	651bba01f7774573b8c42dfccdca3689	10003	1156
1549398295934	5d6f239ae9cd4797b9121fe10416f70b	43829	36955
1549394035934	08930f3f2ad34b6ab34b62b07ec9456b	96265	26347
1549419895934	e0f76b7b0bec4fd594d28571be645edc	70456	5140
1549422715934	c852654b3d7f4861b9647152d9c635a9	279	24551
1549420975934	014da98e7e4e46e7916ceb69dcd8e73f	25032	26236
1549398475934	a2e259b532af4af48ede6f73174ed9e8	25497	60915
1549418575934	e0f76b7b0bec4fd594d28571be645edc	48907	75717
1549395895934	5d6f239ae9cd4797b9121fe10416f70b	67725	75014
1549391035934	b4cd228c808646f0bf156c04501fbccc	42982	32153
1549413775934	52fa5854b85a4ad39b8292b99d46fc35	31922	37391
1549416535934	593955c9a9ba4851acbdec03abd66d84	89188	6430
1549391095934	efa1cbe6caf342f9b708a560e5492e85	79657	78875
1549415035934	345bf4c6ac7d452eac113056be4a6ee4	64333	96116
1549391875934	0effdfb16c11489f813b689fb3518e73	35351	93035
1549422295934	f346b4a62844441ea99f0199877dfe07	42127	41010
